00:55:42.0200 [main] INFO  testCases.TC_RF_001_AccountRegistrationTest - Test passed
00:55:42.0207 [main] INFO  testCases.TC_RF_001_AccountRegistrationTest - ***** Finished TC_RF_001_AccountRegistrationTest *****
01:36:45.0947 [main] DEBUG org.testng.TestNG - suiteXmlPath: "C:\Users\pawar\eclipse-workspace\Opencart\master.xml"
01:36:46.0144 [main] INFO  org.testng.internal.Utils - [TestNG] Running:
  C:\Users\pawar\eclipse-workspace\Opencart\master.xml

01:36:49.0711 [main] INFO  testCases.TC_RF_001_AccountRegistrationTest - ***** Starting TC_RF_001_AccountRegistrationTest *****
01:36:49.0765 [main] INFO  testCases.TC_RF_001_AccountRegistrationTest - Clicked on My Account
01:36:50.0312 [main] INFO  testCases.TC_RF_001_AccountRegistrationTest - Clicked on Register
01:36:50.0312 [main] INFO  testCases.TC_RF_001_AccountRegistrationTest - Providing information in all mandatory fields..
01:36:51.0465 [main] INFO  testCases.TC_RF_001_AccountRegistrationTest - Clicked on Continue
01:36:51.0465 [main] INFO  testCases.TC_RF_001_AccountRegistrationTest - Validating confirmation messaage..
01:36:51.0492 [main] INFO  testCases.TC_RF_001_AccountRegistrationTest - Test passed
01:36:51.0495 [main] INFO  testCases.TC_RF_001_AccountRegistrationTest - ***** Finished TC_RF_001_AccountRegistrationTest *****
01:36:54.0630 [main] INFO  testCases.TC_LF_001_LoginTest - ***** Starting TC_LF_001_LoginTest *****
01:36:54.0679 [main] INFO  testCases.TC_LF_001_LoginTest - Clicked on My Account link
01:36:54.0996 [main] INFO  testCases.TC_LF_001_LoginTest - Clicked on Login link
01:36:55.0890 [main] INFO  testCases.TC_LF_001_LoginTest - Clicked on Login button
01:36:55.0919 [main] INFO  testCases.TC_LF_001_LoginTest - Test passed
01:36:55.0919 [main] INFO  testCases.TC_LF_001_LoginTest - ***** Finished TC_LF_001_LoginTest *****
01:37:44.0238 [main] DEBUG org.testng.TestNG - suiteXmlPath: "C:\Users\pawar\eclipse-workspace\Opencart\master.xml"
01:37:44.0594 [main] INFO  org.testng.internal.Utils - [TestNG] Running:
  C:\Users\pawar\eclipse-workspace\Opencart\master.xml

01:37:48.0666 [main] INFO  testCases.TC_RF_001_AccountRegistrationTest - ***** Starting TC_RF_001_AccountRegistrationTest *****
01:37:48.0795 [main] INFO  testCases.TC_RF_001_AccountRegistrationTest - Clicked on My Account
01:37:49.0499 [main] INFO  testCases.TC_RF_001_AccountRegistrationTest - Clicked on Register
01:37:49.0499 [main] INFO  testCases.TC_RF_001_AccountRegistrationTest - Providing information in all mandatory fields..
01:37:51.0064 [main] INFO  testCases.TC_RF_001_AccountRegistrationTest - Clicked on Continue
01:37:51.0064 [main] INFO  testCases.TC_RF_001_AccountRegistrationTest - Validating confirmation messaage..
01:37:51.0116 [main] INFO  testCases.TC_RF_001_AccountRegistrationTest - Test passed
01:37:51.0117 [main] INFO  testCases.TC_RF_001_AccountRegistrationTest - ***** Finished TC_RF_001_AccountRegistrationTest *****
01:37:54.0580 [main] INFO  testCases.TC_LF_001_LoginTest - ***** Starting TC_LF_001_LoginTest *****
01:37:54.0697 [main] INFO  testCases.TC_LF_001_LoginTest - Clicked on My Account link
01:37:55.0044 [main] INFO  testCases.TC_LF_001_LoginTest - Clicked on Login link
01:37:56.0109 [main] INFO  testCases.TC_LF_001_LoginTest - Clicked on Login button
01:37:56.0207 [main] INFO  testCases.TC_LF_001_LoginTest - Test passed
01:37:56.0209 [main] INFO  testCases.TC_LF_001_LoginTest - ***** Finished TC_LF_001_LoginTest *****
01:38:07.0514 [main] DEBUG org.testng.TestNG - suiteXmlPath: "C:\Users\pawar\eclipse-workspace\Opencart\master.xml"
01:38:07.0791 [main] INFO  org.testng.internal.Utils - [TestNG] Running:
  C:\Users\pawar\eclipse-workspace\Opencart\master.xml

01:38:11.0200 [main] INFO  testCases.TC_RF_001_AccountRegistrationTest - ***** Starting TC_RF_001_AccountRegistrationTest *****
01:38:11.0298 [main] INFO  testCases.TC_RF_001_AccountRegistrationTest - Clicked on My Account
01:38:11.0905 [main] INFO  testCases.TC_RF_001_AccountRegistrationTest - Clicked on Register
01:38:11.0905 [main] INFO  testCases.TC_RF_001_AccountRegistrationTest - Providing information in all mandatory fields..
01:38:13.0124 [main] INFO  testCases.TC_RF_001_AccountRegistrationTest - Clicked on Continue
01:38:13.0124 [main] INFO  testCases.TC_RF_001_AccountRegistrationTest - Validating confirmation messaage..
01:38:13.0156 [main] INFO  testCases.TC_RF_001_AccountRegistrationTest - Test passed
01:38:13.0158 [main] INFO  testCases.TC_RF_001_AccountRegistrationTest - ***** Finished TC_RF_001_AccountRegistrationTest *****
01:38:16.0431 [main] INFO  testCases.TC_LF_001_LoginTest - ***** Starting TC_LF_001_LoginTest *****
01:38:16.0503 [main] INFO  testCases.TC_LF_001_LoginTest - Clicked on My Account link
01:38:16.0849 [main] INFO  testCases.TC_LF_001_LoginTest - Clicked on Login link
01:38:17.0744 [main] INFO  testCases.TC_LF_001_LoginTest - Clicked on Login button
01:38:17.0809 [main] INFO  testCases.TC_LF_001_LoginTest - Test passed
01:38:17.0810 [main] INFO  testCases.TC_LF_001_LoginTest - ***** Finished TC_LF_001_LoginTest *****
01:40:15.0635 [main] DEBUG org.testng.TestNG - suiteXmlPath: "C:\Users\pawar\eclipse-workspace\Opencart\crossbrowsertesting.xml"
01:40:15.0889 [main] INFO  org.testng.internal.Utils - [TestNG] Running:
  C:\Users\pawar\eclipse-workspace\Opencart\crossbrowsertesting.xml

01:40:20.0909 [TestNG-tests-1] INFO  testCases.TC_RF_001_AccountRegistrationTest - ***** Starting TC_RF_001_AccountRegistrationTest *****
01:40:20.0997 [TestNG-tests-1] INFO  testCases.TC_RF_001_AccountRegistrationTest - Clicked on My Account
01:40:21.0690 [TestNG-tests-1] INFO  testCases.TC_RF_001_AccountRegistrationTest - Clicked on Register
01:40:21.0691 [TestNG-tests-1] INFO  testCases.TC_RF_001_AccountRegistrationTest - Providing information in all mandatory fields..
01:40:23.0010 [TestNG-tests-1] INFO  testCases.TC_RF_001_AccountRegistrationTest - Clicked on Continue
01:40:23.0010 [TestNG-tests-1] INFO  testCases.TC_RF_001_AccountRegistrationTest - Validating confirmation messaage..
01:40:23.0063 [TestNG-tests-1] INFO  testCases.TC_RF_001_AccountRegistrationTest - Test passed
01:40:23.0065 [TestNG-tests-1] INFO  testCases.TC_RF_001_AccountRegistrationTest - ***** Finished TC_RF_001_AccountRegistrationTest *****
01:40:25.0791 [TestNG-tests-2] INFO  testCases.TC_RF_001_AccountRegistrationTest - ***** Starting TC_RF_001_AccountRegistrationTest *****
01:40:25.0904 [TestNG-tests-2] INFO  testCases.TC_RF_001_AccountRegistrationTest - Clicked on My Account
01:40:26.0514 [TestNG-tests-2] INFO  testCases.TC_RF_001_AccountRegistrationTest - Clicked on Register
01:40:26.0514 [TestNG-tests-2] INFO  testCases.TC_RF_001_AccountRegistrationTest - Providing information in all mandatory fields..
01:40:27.0949 [TestNG-tests-2] INFO  testCases.TC_RF_001_AccountRegistrationTest - Clicked on Continue
01:40:27.0951 [TestNG-tests-2] INFO  testCases.TC_RF_001_AccountRegistrationTest - Validating confirmation messaage..
01:40:27.0988 [TestNG-tests-2] INFO  testCases.TC_RF_001_AccountRegistrationTest - Test passed
01:40:27.0988 [TestNG-tests-2] INFO  testCases.TC_RF_001_AccountRegistrationTest - ***** Finished TC_RF_001_AccountRegistrationTest *****
01:42:47.0380 [main] DEBUG org.testng.TestNG - suiteXmlPath: "C:\Users\pawar\eclipse-workspace\Opencart\crossbrowsertesting.xml"
01:42:47.0594 [main] INFO  org.testng.internal.Utils - [TestNG] Running:
  C:\Users\pawar\eclipse-workspace\Opencart\crossbrowsertesting.xml

01:42:51.0311 [TestNG-tests-1] INFO  testCases.TC_RF_001_AccountRegistrationTest - ***** Starting TC_RF_001_AccountRegistrationTest *****
01:42:51.0618 [TestNG-tests-2] INFO  testCases.TC_RF_001_AccountRegistrationTest - ***** Starting TC_RF_001_AccountRegistrationTest *****
01:42:51.0693 [TestNG-tests-1] INFO  testCases.TC_RF_001_AccountRegistrationTest - Clicked on My Account
01:42:51.0743 [TestNG-tests-2] INFO  testCases.TC_RF_001_AccountRegistrationTest - Clicked on My Account
01:46:02.0652 [main] DEBUG org.testng.TestNG - suiteXmlPath: "C:\Users\pawar\eclipse-workspace\Opencart\crossbrowsertesting.xml"
01:46:02.0954 [main] INFO  org.testng.internal.Utils - [TestNG] Running:
  C:\Users\pawar\eclipse-workspace\Opencart\crossbrowsertesting.xml

01:46:07.0416 [TestNG-tests-1] INFO  testCases.TC_RF_001_AccountRegistrationTest - ***** Starting TC_RF_001_AccountRegistrationTest *****
01:46:07.0842 [TestNG-tests-2] INFO  testCases.TC_RF_001_AccountRegistrationTest - ***** Starting TC_RF_001_AccountRegistrationTest *****
01:46:07.0924 [TestNG-tests-1] INFO  testCases.TC_RF_001_AccountRegistrationTest - Clicked on My Account
01:46:07.0976 [TestNG-tests-2] INFO  testCases.TC_RF_001_AccountRegistrationTest - Clicked on My Account
01:52:22.0029 [main] DEBUG org.testng.TestNG - suiteXmlPath: "C:\Users\pawar\eclipse-workspace\Opencart\master.xml"
01:52:22.0268 [main] INFO  org.testng.internal.Utils - [TestNG] Running:
  C:\Users\pawar\eclipse-workspace\Opencart\master.xml

01:52:24.0687 [main] INFO  testCases.TC_RF_001_AccountRegistrationTest - ***** Starting TC_RF_001_AccountRegistrationTest *****
01:52:26.0196 [main] INFO  testCases.TC_RF_001_AccountRegistrationTest - Clicked on My Account
01:52:26.0768 [main] INFO  testCases.TC_RF_001_AccountRegistrationTest - Clicked on Register
01:52:26.0768 [main] INFO  testCases.TC_RF_001_AccountRegistrationTest - Providing information in all mandatory fields..
01:52:27.0823 [main] INFO  testCases.TC_RF_001_AccountRegistrationTest - Clicked on Continue
01:52:27.0823 [main] INFO  testCases.TC_RF_001_AccountRegistrationTest - Validating confirmation messaage..
01:52:27.0835 [main] ERROR testCases.TC_RF_001_AccountRegistrationTest - Test failed
01:52:27.0835 [main] DEBUG testCases.TC_RF_001_AccountRegistrationTest - Debug logs..
01:52:36.0388 [main] DEBUG org.testng.TestNG - suiteXmlPath: "C:\Users\pawar\eclipse-workspace\Opencart\crossbrowsertesting.xml"
01:52:36.0596 [main] INFO  org.testng.internal.Utils - [TestNG] Running:
  C:\Users\pawar\eclipse-workspace\Opencart\crossbrowsertesting.xml

01:52:40.0611 [TestNG-tests-2] INFO  testCases.TC_RF_001_AccountRegistrationTest - ***** Starting TC_RF_001_AccountRegistrationTest *****
01:52:40.0959 [TestNG-tests-1] INFO  testCases.TC_RF_001_AccountRegistrationTest - ***** Starting TC_RF_001_AccountRegistrationTest *****
01:52:41.0106 [TestNG-tests-2] INFO  testCases.TC_RF_001_AccountRegistrationTest - Clicked on My Account
01:52:41.0164 [TestNG-tests-1] INFO  testCases.TC_RF_001_AccountRegistrationTest - Clicked on My Account
01:52:44.0516 [TestNG-tests-3] INFO  testCases.TC_RF_001_AccountRegistrationTest - ***** Starting TC_RF_001_AccountRegistrationTest *****
01:52:44.0772 [TestNG-tests-3] INFO  testCases.TC_RF_001_AccountRegistrationTest - Clicked on My Account
01:52:45.0465 [TestNG-tests-3] INFO  testCases.TC_RF_001_AccountRegistrationTest - Clicked on Register
01:52:45.0467 [TestNG-tests-3] INFO  testCases.TC_RF_001_AccountRegistrationTest - Providing information in all mandatory fields..
01:52:46.0645 [TestNG-tests-3] INFO  testCases.TC_RF_001_AccountRegistrationTest - Clicked on Continue
01:52:46.0645 [TestNG-tests-3] INFO  testCases.TC_RF_001_AccountRegistrationTest - Validating confirmation messaage..
01:52:46.0715 [TestNG-tests-3] INFO  testCases.TC_RF_001_AccountRegistrationTest - Test passed
01:52:46.0721 [TestNG-tests-3] INFO  testCases.TC_RF_001_AccountRegistrationTest - ***** Finished TC_RF_001_AccountRegistrationTest *****
01:54:56.0014 [main] DEBUG org.testng.TestNG - suiteXmlPath: "C:\Users\pawar\eclipse-workspace\Opencart\crossbrowsertesting.xml"
01:54:56.0244 [main] INFO  org.testng.internal.Utils - [TestNG] Running:
  C:\Users\pawar\eclipse-workspace\Opencart\crossbrowsertesting.xml

01:54:59.0820 [TestNG-tests-1] INFO  testCases.TC_RF_001_AccountRegistrationTest - ***** Starting TC_RF_001_AccountRegistrationTest *****
01:55:01.0818 [TestNG-tests-2] INFO  testCases.TC_RF_001_AccountRegistrationTest - ***** Starting TC_RF_001_AccountRegistrationTest *****
01:55:06.0696 [TestNG-tests-3] INFO  testCases.TC_RF_001_AccountRegistrationTest - ***** Starting TC_RF_001_AccountRegistrationTest *****
01:55:07.0187 [TestNG-tests-3] INFO  testCases.TC_RF_001_AccountRegistrationTest - Clicked on My Account
01:55:07.0414 [TestNG-tests-2] INFO  testCases.TC_RF_001_AccountRegistrationTest - Clicked on My Account
01:55:11.0904 [TestNG-tests-1] INFO  testCases.TC_LF_001_LoginTest - ***** Starting TC_LF_001_LoginTest *****
01:55:11.0971 [TestNG-tests-1] INFO  testCases.TC_LF_001_LoginTest - Clicked on My Account link
01:55:12.0357 [TestNG-tests-1] INFO  testCases.TC_LF_001_LoginTest - Clicked on Login link
01:55:13.0353 [TestNG-tests-1] INFO  testCases.TC_LF_001_LoginTest - Clicked on Login button
01:55:13.0399 [TestNG-tests-1] INFO  testCases.TC_LF_001_LoginTest - Test passed
01:55:13.0401 [TestNG-tests-1] INFO  testCases.TC_LF_001_LoginTest - ***** Finished TC_LF_001_LoginTest *****
01:56:11.0704 [main] DEBUG org.testng.TestNG - suiteXmlPath: "C:\Users\pawar\eclipse-workspace\Opencart\master.xml"
01:56:11.0909 [main] INFO  org.testng.internal.Utils - [TestNG] Running:
  C:\Users\pawar\eclipse-workspace\Opencart\master.xml

01:56:16.0083 [main] INFO  testCases.TC_RF_001_AccountRegistrationTest - ***** Starting TC_RF_001_AccountRegistrationTest *****
01:56:16.0151 [main] INFO  testCases.TC_RF_001_AccountRegistrationTest - Clicked on My Account
01:56:16.0710 [main] INFO  testCases.TC_RF_001_AccountRegistrationTest - Clicked on Register
01:56:16.0710 [main] INFO  testCases.TC_RF_001_AccountRegistrationTest - Providing information in all mandatory fields..
01:56:18.0122 [main] INFO  testCases.TC_RF_001_AccountRegistrationTest - Clicked on Continue
01:56:18.0122 [main] INFO  testCases.TC_RF_001_AccountRegistrationTest - Validating confirmation messaage..
01:56:18.0154 [main] INFO  testCases.TC_RF_001_AccountRegistrationTest - Test passed
01:56:18.0155 [main] INFO  testCases.TC_RF_001_AccountRegistrationTest - ***** Finished TC_RF_001_AccountRegistrationTest *****
01:56:21.0149 [main] INFO  testCases.TC_LF_001_LoginTest - ***** Starting TC_LF_001_LoginTest *****
01:56:21.0206 [main] INFO  testCases.TC_LF_001_LoginTest - Clicked on My Account link
01:56:21.0546 [main] INFO  testCases.TC_LF_001_LoginTest - Clicked on Login link
01:56:22.0467 [main] INFO  testCases.TC_LF_001_LoginTest - Clicked on Login button
01:56:22.0503 [main] INFO  testCases.TC_LF_001_LoginTest - Test passed
01:56:22.0503 [main] INFO  testCases.TC_LF_001_LoginTest - ***** Finished TC_LF_001_LoginTest *****
01:56:38.0665 [main] DEBUG org.testng.TestNG - suiteXmlPath: "C:\Users\pawar\eclipse-workspace\Opencart\crossbrowsertesting.xml"
01:56:38.0885 [main] INFO  org.testng.internal.Utils - [TestNG] Running:
  C:\Users\pawar\eclipse-workspace\Opencart\crossbrowsertesting.xml

01:56:42.0609 [TestNG-tests-1] INFO  testCases.TC_RF_001_AccountRegistrationTest - ***** Starting TC_RF_001_AccountRegistrationTest *****
01:56:44.0071 [TestNG-tests-2] INFO  testCases.TC_RF_001_AccountRegistrationTest - ***** Starting TC_RF_001_AccountRegistrationTest *****
01:56:44.0388 [TestNG-tests-3] INFO  testCases.TC_RF_001_AccountRegistrationTest - ***** Starting TC_RF_001_AccountRegistrationTest *****
01:56:44.0633 [TestNG-tests-2] INFO  testCases.TC_RF_001_AccountRegistrationTest - Clicked on My Account
01:56:44.0862 [TestNG-tests-1] INFO  testCases.TC_RF_001_AccountRegistrationTest - Clicked on My Account
01:56:45.0074 [TestNG-tests-3] INFO  testCases.TC_RF_001_AccountRegistrationTest - Clicked on My Account
01:56:45.0816 [TestNG-tests-1] INFO  testCases.TC_RF_001_AccountRegistrationTest - Clicked on Register
01:56:45.0816 [TestNG-tests-1] INFO  testCases.TC_RF_001_AccountRegistrationTest - Providing information in all mandatory fields..
01:56:50.0789 [TestNG-tests-2] INFO  testCases.TC_LF_001_LoginTest - ***** Starting TC_LF_001_LoginTest *****
01:56:52.0281 [TestNG-tests-2] INFO  testCases.TC_LF_001_LoginTest - Clicked on My Account link
01:56:52.0680 [TestNG-tests-2] INFO  testCases.TC_LF_001_LoginTest - Clicked on Login link
01:56:53.0764 [TestNG-tests-2] INFO  testCases.TC_LF_001_LoginTest - Clicked on Login button
01:56:53.0794 [TestNG-tests-2] INFO  testCases.TC_LF_001_LoginTest - Test passed
01:56:53.0802 [TestNG-tests-2] INFO  testCases.TC_LF_001_LoginTest - ***** Finished TC_LF_001_LoginTest *****
01:58:18.0963 [main] DEBUG org.testng.TestNG - suiteXmlPath: "C:\Users\pawar\eclipse-workspace\Opencart\crossbrowsertesting.xml"
01:58:19.0173 [main] INFO  org.testng.internal.Utils - [TestNG] Running:
  C:\Users\pawar\eclipse-workspace\Opencart\crossbrowsertesting.xml

01:58:21.0543 [TestNG-tests-1] INFO  testCases.TC_RF_001_AccountRegistrationTest - ***** Starting TC_RF_001_AccountRegistrationTest *****
01:58:23.0196 [TestNG-tests-1] INFO  testCases.TC_RF_001_AccountRegistrationTest - Clicked on My Account
01:58:24.0043 [TestNG-tests-1] INFO  testCases.TC_RF_001_AccountRegistrationTest - Clicked on Register
01:58:24.0043 [TestNG-tests-1] INFO  testCases.TC_RF_001_AccountRegistrationTest - Providing information in all mandatory fields..
01:58:24.0926 [TestNG-tests-3] INFO  testCases.TC_RF_001_AccountRegistrationTest - ***** Starting TC_RF_001_AccountRegistrationTest *****
01:58:25.0207 [TestNG-tests-2] INFO  testCases.TC_RF_001_AccountRegistrationTest - ***** Starting TC_RF_001_AccountRegistrationTest *****
01:58:30.0261 [TestNG-tests-3] INFO  testCases.TC_RF_001_AccountRegistrationTest - Clicked on My Account
01:58:30.0515 [TestNG-tests-2] INFO  testCases.TC_RF_001_AccountRegistrationTest - Clicked on My Account
01:58:40.0361 [TestNG-tests-1] INFO  testCases.TC_LF_001_LoginTest - ***** Starting TC_LF_001_LoginTest *****
01:58:43.0392 [TestNG-tests-2] INFO  testCases.TC_LF_001_LoginTest - ***** Starting TC_LF_001_LoginTest *****
01:58:43.0604 [TestNG-tests-1] INFO  testCases.TC_LF_001_LoginTest - Clicked on My Account link
01:58:44.0396 [TestNG-tests-1] INFO  testCases.TC_LF_001_LoginTest - Clicked on Login link
01:58:45.0830 [TestNG-tests-3] INFO  testCases.TC_LF_001_LoginTest - ***** Starting TC_LF_001_LoginTest *****
01:58:51.0163 [TestNG-tests-2] INFO  testCases.TC_LF_001_LoginTest - Clicked on My Account link
01:58:51.0412 [TestNG-tests-3] INFO  testCases.TC_LF_001_LoginTest - Clicked on My Account link
01:59:57.0674 [main] DEBUG org.testng.TestNG - suiteXmlPath: "C:\Users\pawar\eclipse-workspace\Opencart\crossbrowsertesting.xml"
01:59:58.0152 [main] INFO  org.testng.internal.Utils - [TestNG] Running:
  C:\Users\pawar\eclipse-workspace\Opencart\crossbrowsertesting.xml

02:00:03.0351 [TestNG-tests-1] INFO  testCases.TC_RF_001_AccountRegistrationTest - ***** Starting TC_RF_001_AccountRegistrationTest *****
02:00:05.0345 [TestNG-tests-2] INFO  testCases.TC_RF_001_AccountRegistrationTest - ***** Starting TC_RF_001_AccountRegistrationTest *****
02:00:05.0499 [TestNG-tests-1] INFO  testCases.TC_RF_001_AccountRegistrationTest - Clicked on My Account
02:00:06.0967 [TestNG-tests-1] INFO  testCases.TC_RF_001_AccountRegistrationTest - Clicked on Register
02:00:06.0967 [TestNG-tests-1] INFO  testCases.TC_RF_001_AccountRegistrationTest - Providing information in all mandatory fields..
02:00:07.0968 [TestNG-tests-3] INFO  testCases.TC_RF_001_AccountRegistrationTest - ***** Starting TC_RF_001_AccountRegistrationTest *****
02:00:13.0315 [TestNG-tests-2] INFO  testCases.TC_RF_001_AccountRegistrationTest - Clicked on My Account
02:00:14.0236 [TestNG-tests-3] INFO  testCases.TC_RF_001_AccountRegistrationTest - Clicked on My Account
02:01:41.0969 [main] DEBUG org.testng.TestNG - suiteXmlPath: "C:\Users\pawar\eclipse-workspace\Opencart\crossbrowsertesting.xml"
02:01:42.0468 [main] INFO  org.testng.internal.Utils - [TestNG] Running:
  C:\Users\pawar\eclipse-workspace\Opencart\crossbrowsertesting.xml

02:01:47.0381 [TestNG-tests-1] INFO  testCases.TC_RF_001_AccountRegistrationTest - ***** Starting TC_RF_001_AccountRegistrationTest *****
02:01:49.0657 [TestNG-tests-2] INFO  testCases.TC_RF_001_AccountRegistrationTest - ***** Starting TC_RF_001_AccountRegistrationTest *****
02:01:49.0783 [TestNG-tests-1] INFO  testCases.TC_RF_001_AccountRegistrationTest - Clicked on My Account
02:01:50.0621 [TestNG-tests-3] INFO  testCases.TC_RF_001_AccountRegistrationTest - ***** Starting TC_RF_001_AccountRegistrationTest *****
02:01:50.0775 [TestNG-tests-1] INFO  testCases.TC_RF_001_AccountRegistrationTest - Clicked on Register
02:01:50.0775 [TestNG-tests-1] INFO  testCases.TC_RF_001_AccountRegistrationTest - Providing information in all mandatory fields..
02:01:50.0888 [TestNG-tests-2] INFO  testCases.TC_RF_001_AccountRegistrationTest - Clicked on My Account
02:01:51.0104 [TestNG-tests-3] INFO  testCases.TC_RF_001_AccountRegistrationTest - Clicked on My Account
02:03:18.0329 [main] DEBUG org.testng.TestNG - suiteXmlPath: "C:\Users\pawar\eclipse-workspace\Opencart\master.xml"
02:03:18.0819 [main] INFO  org.testng.internal.Utils - [TestNG] Running:
  C:\Users\pawar\eclipse-workspace\Opencart\master.xml

02:03:26.0401 [main] INFO  testCases.TC_RF_001_AccountRegistrationTest - ***** Starting TC_RF_001_AccountRegistrationTest *****
02:03:26.0513 [main] INFO  testCases.TC_RF_001_AccountRegistrationTest - Clicked on My Account
02:03:27.0189 [main] INFO  testCases.TC_RF_001_AccountRegistrationTest - Clicked on Register
02:03:27.0189 [main] INFO  testCases.TC_RF_001_AccountRegistrationTest - Providing information in all mandatory fields..
02:03:29.0102 [main] INFO  testCases.TC_RF_001_AccountRegistrationTest - Clicked on Continue
02:03:29.0102 [main] INFO  testCases.TC_RF_001_AccountRegistrationTest - Validating confirmation messaage..
02:03:29.0188 [main] INFO  testCases.TC_RF_001_AccountRegistrationTest - Test passed
02:03:29.0188 [main] INFO  testCases.TC_RF_001_AccountRegistrationTest - ***** Finished TC_RF_001_AccountRegistrationTest *****
02:03:37.0617 [main] INFO  testCases.TC_LF_001_LoginTest - ***** Starting TC_LF_001_LoginTest *****
02:03:37.0773 [main] INFO  testCases.TC_LF_001_LoginTest - Clicked on My Account link
02:03:38.0252 [main] INFO  testCases.TC_LF_001_LoginTest - Clicked on Login link
02:03:39.0312 [main] INFO  testCases.TC_LF_001_LoginTest - Clicked on Login button
02:03:39.0417 [main] INFO  testCases.TC_LF_001_LoginTest - Test passed
02:03:39.0417 [main] INFO  testCases.TC_LF_001_LoginTest - ***** Finished TC_LF_001_LoginTest *****
02:04:12.0767 [main] DEBUG org.testng.TestNG - suiteXmlPath: "C:\Users\pawar\eclipse-workspace\Opencart\master.xml"
02:04:13.0227 [main] INFO  org.testng.internal.Utils - [TestNG] Running:
  C:\Users\pawar\eclipse-workspace\Opencart\master.xml

02:04:17.0821 [main] INFO  testCases.TC_RF_001_AccountRegistrationTest - ***** Starting TC_RF_001_AccountRegistrationTest *****
02:04:17.0925 [main] INFO  testCases.TC_RF_001_AccountRegistrationTest - Clicked on My Account
02:04:18.0557 [main] INFO  testCases.TC_RF_001_AccountRegistrationTest - Clicked on Register
02:04:18.0558 [main] INFO  testCases.TC_RF_001_AccountRegistrationTest - Providing information in all mandatory fields..
02:04:20.0258 [main] INFO  testCases.TC_RF_001_AccountRegistrationTest - Clicked on Continue
02:04:20.0258 [main] INFO  testCases.TC_RF_001_AccountRegistrationTest - Validating confirmation messaage..
02:04:20.0312 [main] INFO  testCases.TC_RF_001_AccountRegistrationTest - Test passed
02:04:20.0321 [main] INFO  testCases.TC_RF_001_AccountRegistrationTest - ***** Finished TC_RF_001_AccountRegistrationTest *****
02:04:24.0341 [main] INFO  testCases.TC_LF_001_LoginTest - ***** Starting TC_LF_001_LoginTest *****
02:04:24.0452 [main] INFO  testCases.TC_LF_001_LoginTest - Clicked on My Account link
02:04:24.0897 [main] INFO  testCases.TC_LF_001_LoginTest - Clicked on Login link
02:04:26.0156 [main] INFO  testCases.TC_LF_001_LoginTest - Clicked on Login button
02:04:26.0250 [main] INFO  testCases.TC_LF_001_LoginTest - Test passed
02:04:26.0260 [main] INFO  testCases.TC_LF_001_LoginTest - ***** Finished TC_LF_001_LoginTest *****
02:05:01.0819 [main] DEBUG org.testng.TestNG - suiteXmlPath: "C:\Users\pawar\eclipse-workspace\Opencart\crossbrowsertesting.xml"
02:05:02.0288 [main] INFO  org.testng.internal.Utils - [TestNG] Running:
  C:\Users\pawar\eclipse-workspace\Opencart\crossbrowsertesting.xml

02:05:06.0536 [TestNG-tests-1] INFO  testCases.TC_RF_001_AccountRegistrationTest - ***** Starting TC_RF_001_AccountRegistrationTest *****
02:05:08.0295 [TestNG-tests-1] INFO  testCases.TC_RF_001_AccountRegistrationTest - Clicked on My Account
02:05:09.0080 [TestNG-tests-2] INFO  testCases.TC_RF_001_AccountRegistrationTest - ***** Starting TC_RF_001_AccountRegistrationTest *****
02:05:09.0185 [TestNG-tests-1] INFO  testCases.TC_RF_001_AccountRegistrationTest - Clicked on Register
02:05:09.0186 [TestNG-tests-1] INFO  testCases.TC_RF_001_AccountRegistrationTest - Providing information in all mandatory fields..
02:05:10.0222 [TestNG-tests-3] INFO  testCases.TC_RF_001_AccountRegistrationTest - ***** Starting TC_RF_001_AccountRegistrationTest *****
02:05:15.0527 [TestNG-tests-2] INFO  testCases.TC_RF_001_AccountRegistrationTest - Clicked on My Account
02:05:16.0340 [TestNG-tests-3] INFO  testCases.TC_RF_001_AccountRegistrationTest - Clicked on My Account
02:06:42.0705 [main] DEBUG org.testng.TestNG - suiteXmlPath: "C:\Users\pawar\eclipse-workspace\Opencart\crossbrowsertesting.xml"
02:06:43.0191 [main] INFO  org.testng.internal.Utils - [TestNG] Running:
  C:\Users\pawar\eclipse-workspace\Opencart\crossbrowsertesting.xml

02:06:48.0887 [TestNG-tests-1] INFO  testCases.TC_RF_001_AccountRegistrationTest - ***** Starting TC_RF_001_AccountRegistrationTest *****
02:06:50.0164 [TestNG-tests-2] INFO  testCases.TC_RF_001_AccountRegistrationTest - ***** Starting TC_RF_001_AccountRegistrationTest *****
02:06:50.0278 [TestNG-tests-1] INFO  testCases.TC_RF_001_AccountRegistrationTest - Clicked on My Account
02:06:51.0246 [TestNG-tests-1] INFO  testCases.TC_RF_001_AccountRegistrationTest - Clicked on Register
02:06:51.0246 [TestNG-tests-1] INFO  testCases.TC_RF_001_AccountRegistrationTest - Providing information in all mandatory fields..
02:06:51.0786 [TestNG-tests-3] INFO  testCases.TC_RF_001_AccountRegistrationTest - ***** Starting TC_RF_001_AccountRegistrationTest *****
02:06:57.0094 [TestNG-tests-2] INFO  testCases.TC_RF_001_AccountRegistrationTest - Clicked on My Account
02:06:57.0757 [TestNG-tests-3] INFO  testCases.TC_RF_001_AccountRegistrationTest - Clicked on My Account
02:07:53.0167 [main] DEBUG org.testng.TestNG - suiteXmlPath: "C:\Users\pawar\eclipse-workspace\Opencart\crossbrowsertesting.xml"
02:07:53.0508 [main] INFO  org.testng.internal.Utils - [TestNG] Running:
  C:\Users\pawar\eclipse-workspace\Opencart\crossbrowsertesting.xml

02:07:58.0521 [main] INFO  testCases.TC_RF_001_AccountRegistrationTest - ***** Starting TC_RF_001_AccountRegistrationTest *****
02:07:58.0614 [main] INFO  testCases.TC_RF_001_AccountRegistrationTest - Clicked on My Account
02:07:59.0308 [main] INFO  testCases.TC_RF_001_AccountRegistrationTest - Clicked on Register
02:07:59.0309 [main] INFO  testCases.TC_RF_001_AccountRegistrationTest - Providing information in all mandatory fields..
02:08:00.0964 [main] INFO  testCases.TC_RF_001_AccountRegistrationTest - Clicked on Continue
02:08:00.0970 [main] INFO  testCases.TC_RF_001_AccountRegistrationTest - Validating confirmation messaage..
02:08:01.0078 [main] INFO  testCases.TC_RF_001_AccountRegistrationTest - Test passed
02:08:01.0087 [main] INFO  testCases.TC_RF_001_AccountRegistrationTest - ***** Finished TC_RF_001_AccountRegistrationTest *****
02:08:11.0058 [main] INFO  testCases.TC_RF_001_AccountRegistrationTest - ***** Starting TC_RF_001_AccountRegistrationTest *****
02:08:11.0202 [main] INFO  testCases.TC_RF_001_AccountRegistrationTest - Clicked on My Account
02:08:11.0919 [main] INFO  testCases.TC_RF_001_AccountRegistrationTest - Clicked on Register
02:08:11.0919 [main] INFO  testCases.TC_RF_001_AccountRegistrationTest - Providing information in all mandatory fields..
02:08:14.0446 [main] INFO  testCases.TC_RF_001_AccountRegistrationTest - Clicked on Continue
02:08:14.0448 [main] INFO  testCases.TC_RF_001_AccountRegistrationTest - Validating confirmation messaage..
02:08:14.0478 [main] INFO  testCases.TC_RF_001_AccountRegistrationTest - Test passed
02:08:14.0478 [main] INFO  testCases.TC_RF_001_AccountRegistrationTest - ***** Finished TC_RF_001_AccountRegistrationTest *****
02:08:23.0250 [main] INFO  testCases.TC_RF_001_AccountRegistrationTest - ***** Starting TC_RF_001_AccountRegistrationTest *****
02:08:23.0541 [main] INFO  testCases.TC_RF_001_AccountRegistrationTest - Clicked on My Account
02:08:24.0178 [main] INFO  testCases.TC_RF_001_AccountRegistrationTest - Clicked on Register
02:08:24.0178 [main] INFO  testCases.TC_RF_001_AccountRegistrationTest - Providing information in all mandatory fields..
02:08:25.0587 [main] INFO  testCases.TC_RF_001_AccountRegistrationTest - Clicked on Continue
02:08:25.0590 [main] INFO  testCases.TC_RF_001_AccountRegistrationTest - Validating confirmation messaage..
02:08:25.0635 [main] INFO  testCases.TC_RF_001_AccountRegistrationTest - Test passed
02:08:25.0638 [main] INFO  testCases.TC_RF_001_AccountRegistrationTest - ***** Finished TC_RF_001_AccountRegistrationTest *****
02:10:25.0628 [main] DEBUG org.testng.TestNG - suiteXmlPath: "C:\Users\pawar\eclipse-workspace\Opencart\crossbrowsertesting.xml"
02:10:26.0094 [main] INFO  org.testng.internal.Utils - [TestNG] Running:
  C:\Users\pawar\eclipse-workspace\Opencart\crossbrowsertesting.xml

02:10:32.0143 [TestNG-tests-1] INFO  testCases.TC_RF_001_AccountRegistrationTest - ***** Starting TC_RF_001_AccountRegistrationTest *****
02:10:32.0360 [TestNG-tests-2] INFO  testCases.TC_RF_001_AccountRegistrationTest - ***** Starting TC_RF_001_AccountRegistrationTest *****
02:10:34.0307 [TestNG-tests-3] INFO  testCases.TC_RF_001_AccountRegistrationTest - ***** Starting TC_RF_001_AccountRegistrationTest *****
02:10:34.0644 [TestNG-tests-1] INFO  testCases.TC_RF_001_AccountRegistrationTest - Clicked on My Account
02:10:34.0882 [TestNG-tests-2] INFO  testCases.TC_RF_001_AccountRegistrationTest - Clicked on My Account
02:10:35.0110 [TestNG-tests-3] INFO  testCases.TC_RF_001_AccountRegistrationTest - Clicked on My Account
02:10:36.0170 [TestNG-tests-2] INFO  testCases.TC_RF_001_AccountRegistrationTest - Clicked on Register
02:10:36.0170 [TestNG-tests-2] INFO  testCases.TC_RF_001_AccountRegistrationTest - Providing information in all mandatory fields..
02:13:26.0490 [main] DEBUG org.testng.TestNG - suiteXmlPath: "C:\Users\pawar\eclipse-workspace\Opencart\crossbrowsertesting.xml"
02:13:27.0061 [main] INFO  org.testng.internal.Utils - [TestNG] Running:
  C:\Users\pawar\eclipse-workspace\Opencart\crossbrowsertesting.xml

02:13:31.0992 [TestNG-tests-1] INFO  testCases.TC_RF_001_AccountRegistrationTest - ***** Starting TC_RF_001_AccountRegistrationTest *****
02:13:32.0294 [TestNG-tests-1] INFO  testCases.TC_RF_001_AccountRegistrationTest - Clicked on My Account
02:13:32.0988 [TestNG-tests-1] INFO  testCases.TC_RF_001_AccountRegistrationTest - Clicked on Register
02:13:32.0990 [TestNG-tests-1] INFO  testCases.TC_RF_001_AccountRegistrationTest - Providing information in all mandatory fields..
02:13:33.0263 [TestNG-tests-2] INFO  testCases.TC_RF_001_AccountRegistrationTest - ***** Starting TC_RF_001_AccountRegistrationTest *****
02:13:36.0273 [TestNG-tests-3] INFO  testCases.TC_RF_001_AccountRegistrationTest - ***** Starting TC_RF_001_AccountRegistrationTest *****
02:13:36.0565 [TestNG-tests-3] INFO  testCases.TC_RF_001_AccountRegistrationTest - Clicked on My Account
02:13:37.0498 [TestNG-tests-3] INFO  testCases.TC_RF_001_AccountRegistrationTest - Clicked on Register
02:13:37.0500 [TestNG-tests-3] INFO  testCases.TC_RF_001_AccountRegistrationTest - Providing information in all mandatory fields..
02:13:38.0486 [TestNG-tests-2] INFO  testCases.TC_RF_001_AccountRegistrationTest - Clicked on My Account
02:13:39.0309 [TestNG-tests-2] INFO  testCases.TC_RF_001_AccountRegistrationTest - Clicked on Register
02:13:39.0309 [TestNG-tests-2] INFO  testCases.TC_RF_001_AccountRegistrationTest - Providing information in all mandatory fields..
02:13:41.0530 [TestNG-tests-3] INFO  testCases.TC_RF_001_AccountRegistrationTest - Clicked on Continue
02:13:41.0530 [TestNG-tests-3] INFO  testCases.TC_RF_001_AccountRegistrationTest - Validating confirmation messaage..
02:13:49.0408 [TestNG-tests-3] ERROR testCases.TC_RF_001_AccountRegistrationTest - Test failed
02:13:49.0408 [TestNG-tests-3] DEBUG testCases.TC_RF_001_AccountRegistrationTest - Debug logs..
02:14:17.0325 [main] DEBUG org.testng.TestNG - suiteXmlPath: "C:\Users\pawar\eclipse-workspace\Opencart\crossbrowsertesting.xml"
02:14:18.0058 [main] INFO  org.testng.internal.Utils - [TestNG] Running:
  C:\Users\pawar\eclipse-workspace\Opencart\crossbrowsertesting.xml

02:14:21.0683 [TestNG-tests-1] INFO  testCases.TC_RF_001_AccountRegistrationTest - ***** Starting TC_RF_001_AccountRegistrationTest *****
02:14:21.0843 [TestNG-tests-1] INFO  testCases.TC_RF_001_AccountRegistrationTest - Clicked on My Account
02:14:22.0625 [TestNG-tests-1] INFO  testCases.TC_RF_001_AccountRegistrationTest - Clicked on Register
02:14:22.0626 [TestNG-tests-1] INFO  testCases.TC_RF_001_AccountRegistrationTest - Providing information in all mandatory fields..
02:14:23.0400 [TestNG-tests-2] INFO  testCases.TC_RF_001_AccountRegistrationTest - ***** Starting TC_RF_001_AccountRegistrationTest *****
02:14:25.0475 [TestNG-tests-3] INFO  testCases.TC_RF_001_AccountRegistrationTest - ***** Starting TC_RF_001_AccountRegistrationTest *****
02:14:25.0836 [TestNG-tests-3] INFO  testCases.TC_RF_001_AccountRegistrationTest - Clicked on My Account
02:14:26.0824 [TestNG-tests-3] INFO  testCases.TC_RF_001_AccountRegistrationTest - Clicked on Register
02:14:26.0824 [TestNG-tests-3] INFO  testCases.TC_RF_001_AccountRegistrationTest - Providing information in all mandatory fields..
02:14:28.0560 [TestNG-tests-2] INFO  testCases.TC_RF_001_AccountRegistrationTest - Clicked on My Account
02:14:29.0403 [TestNG-tests-2] INFO  testCases.TC_RF_001_AccountRegistrationTest - Clicked on Register
02:14:29.0403 [TestNG-tests-2] INFO  testCases.TC_RF_001_AccountRegistrationTest - Providing information in all mandatory fields..
02:14:30.0436 [TestNG-tests-3] INFO  testCases.TC_RF_001_AccountRegistrationTest - Clicked on Continue
02:14:30.0436 [TestNG-tests-3] INFO  testCases.TC_RF_001_AccountRegistrationTest - Validating confirmation messaage..
02:14:37.0239 [TestNG-tests-3] ERROR testCases.TC_RF_001_AccountRegistrationTest - Test failed
02:14:37.0240 [TestNG-tests-3] DEBUG testCases.TC_RF_001_AccountRegistrationTest - Debug logs..
02:15:28.0299 [main] DEBUG org.testng.TestNG - suiteXmlPath: "C:\Users\pawar\eclipse-workspace\Opencart\crossbrowsertesting.xml"
02:15:28.0887 [main] INFO  org.testng.internal.Utils - [TestNG] Running:
  C:\Users\pawar\eclipse-workspace\Opencart\crossbrowsertesting.xml

02:15:32.0338 [TestNG-tests-1] INFO  testCases.TC_RF_001_AccountRegistrationTest - ***** Starting TC_RF_001_AccountRegistrationTest *****
02:15:32.0502 [TestNG-tests-1] INFO  testCases.TC_RF_001_AccountRegistrationTest - Clicked on My Account
02:15:33.0233 [TestNG-tests-1] INFO  testCases.TC_RF_001_AccountRegistrationTest - Clicked on Register
02:15:33.0234 [TestNG-tests-1] INFO  testCases.TC_RF_001_AccountRegistrationTest - Providing information in all mandatory fields..
02:15:33.0930 [TestNG-tests-2] INFO  testCases.TC_RF_001_AccountRegistrationTest - ***** Starting TC_RF_001_AccountRegistrationTest *****
02:15:36.0560 [TestNG-tests-3] INFO  testCases.TC_RF_001_AccountRegistrationTest - ***** Starting TC_RF_001_AccountRegistrationTest *****
02:15:36.0942 [TestNG-tests-3] INFO  testCases.TC_RF_001_AccountRegistrationTest - Clicked on My Account
02:15:37.0755 [TestNG-tests-3] INFO  testCases.TC_RF_001_AccountRegistrationTest - Clicked on Register
02:15:37.0755 [TestNG-tests-3] INFO  testCases.TC_RF_001_AccountRegistrationTest - Providing information in all mandatory fields..
02:15:39.0174 [TestNG-tests-2] INFO  testCases.TC_RF_001_AccountRegistrationTest - Clicked on My Account
02:15:40.0048 [TestNG-tests-2] INFO  testCases.TC_RF_001_AccountRegistrationTest - Clicked on Register
02:15:40.0048 [TestNG-tests-2] INFO  testCases.TC_RF_001_AccountRegistrationTest - Providing information in all mandatory fields..
02:15:41.0368 [TestNG-tests-3] INFO  testCases.TC_RF_001_AccountRegistrationTest - Clicked on Continue
02:15:41.0368 [TestNG-tests-3] INFO  testCases.TC_RF_001_AccountRegistrationTest - Validating confirmation messaage..
02:15:49.0045 [TestNG-tests-3] ERROR testCases.TC_RF_001_AccountRegistrationTest - Test failed
02:15:49.0045 [TestNG-tests-3] DEBUG testCases.TC_RF_001_AccountRegistrationTest - Debug logs..
02:16:16.0746 [main] DEBUG org.testng.TestNG - suiteXmlPath: "C:\Users\pawar\eclipse-workspace\Opencart\crossbrowsertesting.xml"
02:16:17.0232 [main] INFO  org.testng.internal.Utils - [TestNG] Running:
  C:\Users\pawar\eclipse-workspace\Opencart\crossbrowsertesting.xml

02:16:20.0894 [TestNG-tests-1] INFO  testCases.TC_RF_001_AccountRegistrationTest - ***** Starting TC_RF_001_AccountRegistrationTest *****
02:16:21.0386 [TestNG-tests-1] INFO  testCases.TC_RF_001_AccountRegistrationTest - Clicked on My Account
02:16:22.0113 [TestNG-tests-1] INFO  testCases.TC_RF_001_AccountRegistrationTest - Clicked on Register
02:16:22.0114 [TestNG-tests-1] INFO  testCases.TC_RF_001_AccountRegistrationTest - Providing information in all mandatory fields..
02:16:22.0855 [TestNG-tests-2] INFO  testCases.TC_RF_001_AccountRegistrationTest - ***** Starting TC_RF_001_AccountRegistrationTest *****
02:16:25.0195 [TestNG-tests-3] INFO  testCases.TC_RF_001_AccountRegistrationTest - ***** Starting TC_RF_001_AccountRegistrationTest *****
02:16:25.0530 [TestNG-tests-3] INFO  testCases.TC_RF_001_AccountRegistrationTest - Clicked on My Account
02:16:26.0425 [TestNG-tests-3] INFO  testCases.TC_RF_001_AccountRegistrationTest - Clicked on Register
02:16:26.0425 [TestNG-tests-3] INFO  testCases.TC_RF_001_AccountRegistrationTest - Providing information in all mandatory fields..
02:16:28.0302 [TestNG-tests-2] INFO  testCases.TC_RF_001_AccountRegistrationTest - Clicked on My Account
02:16:29.0184 [TestNG-tests-2] INFO  testCases.TC_RF_001_AccountRegistrationTest - Clicked on Register
02:16:29.0185 [TestNG-tests-2] INFO  testCases.TC_RF_001_AccountRegistrationTest - Providing information in all mandatory fields..
02:16:30.0510 [TestNG-tests-3] INFO  testCases.TC_RF_001_AccountRegistrationTest - Clicked on Continue
02:16:30.0510 [TestNG-tests-3] INFO  testCases.TC_RF_001_AccountRegistrationTest - Validating confirmation messaage..
02:16:36.0730 [TestNG-tests-3] ERROR testCases.TC_RF_001_AccountRegistrationTest - Test failed
02:16:36.0730 [TestNG-tests-3] DEBUG testCases.TC_RF_001_AccountRegistrationTest - Debug logs..
02:18:15.0467 [main] DEBUG org.testng.TestNG - suiteXmlPath: "C:\Users\pawar\eclipse-workspace\Opencart\master.xml"
02:18:16.0116 [main] INFO  org.testng.internal.Utils - [TestNG] Running:
  C:\Users\pawar\eclipse-workspace\Opencart\master.xml

02:18:21.0102 [main] INFO  testCases.TC_RF_001_AccountRegistrationTest - ***** Starting TC_RF_001_AccountRegistrationTest *****
02:18:21.0206 [main] INFO  testCases.TC_RF_001_AccountRegistrationTest - Clicked on My Account
02:18:21.0861 [main] INFO  testCases.TC_RF_001_AccountRegistrationTest - Clicked on Register
02:18:21.0861 [main] INFO  testCases.TC_RF_001_AccountRegistrationTest - Providing information in all mandatory fields..
02:18:23.0527 [main] INFO  testCases.TC_RF_001_AccountRegistrationTest - Clicked on Continue
02:18:23.0527 [main] INFO  testCases.TC_RF_001_AccountRegistrationTest - Validating confirmation messaage..
02:18:23.0576 [main] INFO  testCases.TC_RF_001_AccountRegistrationTest - Test passed
02:18:23.0584 [main] INFO  testCases.TC_RF_001_AccountRegistrationTest - ***** Finished TC_RF_001_AccountRegistrationTest *****
02:18:27.0503 [main] INFO  testCases.TC_LF_001_LoginTest - ***** Starting TC_LF_001_LoginTest *****
02:18:27.0645 [main] INFO  testCases.TC_LF_001_LoginTest - Clicked on My Account link
02:18:28.0078 [main] INFO  testCases.TC_LF_001_LoginTest - Clicked on Login link
02:18:29.0413 [main] INFO  testCases.TC_LF_001_LoginTest - Clicked on Login button
02:18:29.0468 [main] INFO  testCases.TC_LF_001_LoginTest - Test passed
02:18:29.0468 [main] INFO  testCases.TC_LF_001_LoginTest - ***** Finished TC_LF_001_LoginTest *****
21:36:10.0135 [main] DEBUG org.testng.TestNG - suiteXmlPath: "C:\Users\pawar\eclipse-workspace\Opencart\crossbrowsertesting.xml"
21:36:10.0572 [main] INFO  org.testng.internal.Utils - [TestNG] Running:
  C:\Users\pawar\eclipse-workspace\Opencart\crossbrowsertesting.xml

21:36:15.0732 [TestNG-tests-1] INFO  testCases.TC_RF_001_AccountRegistrationTest - ***** Starting TC_RF_001_AccountRegistrationTest *****
21:36:15.0914 [TestNG-tests-1] INFO  testCases.TC_RF_001_AccountRegistrationTest - Clicked on My Account
21:36:16.0561 [TestNG-tests-1] INFO  testCases.TC_RF_001_AccountRegistrationTest - Clicked on Register
21:36:16.0561 [TestNG-tests-1] INFO  testCases.TC_RF_001_AccountRegistrationTest - Providing information in all mandatory fields..
21:36:18.0899 [TestNG-tests-1] INFO  testCases.TC_RF_001_AccountRegistrationTest - Clicked on Continue
21:36:18.0899 [TestNG-tests-1] INFO  testCases.TC_RF_001_AccountRegistrationTest - Validating confirmation messaage..
21:36:19.0004 [TestNG-tests-1] INFO  testCases.TC_RF_001_AccountRegistrationTest - Test passed
21:36:19.0013 [TestNG-tests-1] INFO  testCases.TC_RF_001_AccountRegistrationTest - ***** Finished TC_RF_001_AccountRegistrationTest *****
21:36:19.0186 [TestNG-tests-3] INFO  testCases.TC_RF_001_AccountRegistrationTest - ***** Starting TC_RF_001_AccountRegistrationTest *****
21:36:46.0841 [main] DEBUG org.testng.TestNG - suiteXmlPath: "C:\Users\pawar\eclipse-workspace\Opencart\crossbrowsertesting.xml"
21:36:47.0222 [main] INFO  org.testng.internal.Utils - [TestNG] Running:
  C:\Users\pawar\eclipse-workspace\Opencart\crossbrowsertesting.xml

21:36:52.0808 [TestNG-tests-2] INFO  testCases.TC_RF_001_AccountRegistrationTest - ***** Starting TC_RF_001_AccountRegistrationTest *****
21:36:53.0160 [TestNG-tests-1] INFO  testCases.TC_RF_001_AccountRegistrationTest - ***** Starting TC_RF_001_AccountRegistrationTest *****
21:36:53.0302 [TestNG-tests-2] INFO  testCases.TC_RF_001_AccountRegistrationTest - Clicked on My Account
21:36:53.0369 [TestNG-tests-1] INFO  testCases.TC_RF_001_AccountRegistrationTest - Clicked on My Account
21:36:55.0775 [TestNG-tests-3] INFO  testCases.TC_RF_001_AccountRegistrationTest - ***** Starting TC_RF_001_AccountRegistrationTest *****
21:36:56.0050 [TestNG-tests-3] INFO  testCases.TC_RF_001_AccountRegistrationTest - Clicked on My Account
21:36:56.0631 [TestNG-tests-3] INFO  testCases.TC_RF_001_AccountRegistrationTest - Clicked on Register
21:36:56.0631 [TestNG-tests-3] INFO  testCases.TC_RF_001_AccountRegistrationTest - Providing information in all mandatory fields..
21:36:58.0149 [TestNG-tests-3] INFO  testCases.TC_RF_001_AccountRegistrationTest - Clicked on Continue
21:36:58.0149 [TestNG-tests-3] INFO  testCases.TC_RF_001_AccountRegistrationTest - Validating confirmation messaage..
21:36:58.0189 [TestNG-tests-3] INFO  testCases.TC_RF_001_AccountRegistrationTest - Test passed
21:36:58.0195 [TestNG-tests-3] INFO  testCases.TC_RF_001_AccountRegistrationTest - ***** Finished TC_RF_001_AccountRegistrationTest *****
21:41:00.0025 [main] DEBUG org.testng.TestNG - suiteXmlPath: "C:\Users\pawar\eclipse-workspace\Opencart\crossbrowsertesting.xml"
21:41:00.0460 [main] INFO  org.testng.internal.Utils - [TestNG] Running:
  C:\Users\pawar\eclipse-workspace\Opencart\crossbrowsertesting.xml

21:41:10.0331 [TestNG-tests-2] INFO  testCases.TC_RF_001_AccountRegistrationTest - ***** Starting TC_RF_001_AccountRegistrationTest *****
21:41:10.0331 [TestNG-tests-1] INFO  testCases.TC_RF_001_AccountRegistrationTest - ***** Starting TC_RF_001_AccountRegistrationTest *****
21:41:10.0334 [TestNG-tests-3] INFO  testCases.TC_RF_001_AccountRegistrationTest - ***** Starting TC_RF_001_AccountRegistrationTest *****
21:41:10.0716 [TestNG-tests-1] INFO  testCases.TC_RF_001_AccountRegistrationTest - Clicked on My Account
21:41:10.0933 [TestNG-tests-2] INFO  testCases.TC_RF_001_AccountRegistrationTest - Clicked on My Account
21:41:11.0150 [TestNG-tests-3] INFO  testCases.TC_RF_001_AccountRegistrationTest - Clicked on My Account
21:41:12.0628 [TestNG-tests-2] INFO  testCases.TC_RF_001_AccountRegistrationTest - Clicked on Register
21:41:12.0629 [TestNG-tests-2] INFO  testCases.TC_RF_001_AccountRegistrationTest - Providing information in all mandatory fields..
00:04:54.0133 [main] DEBUG org.testng.TestNG - suiteXmlPath: "C:\Users\pawar\eclipse-workspace\Opencart\crossbrowsertesting.xml"
00:04:54.0601 [main] INFO  org.testng.internal.Utils - [TestNG] Running:
  C:\Users\pawar\eclipse-workspace\Opencart\crossbrowsertesting.xml

00:05:00.0155 [TestNG-tests-1] INFO  testCases.TC_RF_001_AccountRegistrationTest - ***** Starting TC_RF_001_AccountRegistrationTest *****
00:05:00.0371 [TestNG-tests-1] INFO  testCases.TC_RF_001_AccountRegistrationTest - Clicked on My Account
00:05:01.0069 [TestNG-tests-1] INFO  testCases.TC_RF_001_AccountRegistrationTest - Clicked on Register
00:05:01.0070 [TestNG-tests-1] INFO  testCases.TC_RF_001_AccountRegistrationTest - Providing information in all mandatory fields..
00:05:05.0052 [TestNG-tests-3] INFO  testCases.TC_RF_001_AccountRegistrationTest - ***** Starting TC_RF_001_AccountRegistrationTest *****
00:05:05.0089 [TestNG-tests-2] INFO  testCases.TC_RF_001_AccountRegistrationTest - ***** Starting TC_RF_001_AccountRegistrationTest *****
00:05:05.0303 [TestNG-tests-3] INFO  testCases.TC_RF_001_AccountRegistrationTest - Clicked on My Account
00:05:05.0359 [TestNG-tests-2] INFO  testCases.TC_RF_001_AccountRegistrationTest - Clicked on My Account
00:06:04.0645 [main] DEBUG org.testng.TestNG - suiteXmlPath: "C:\Users\pawar\eclipse-workspace\Opencart\crossbrowsertesting.xml"
00:06:05.0120 [main] INFO  org.testng.internal.Utils - [TestNG] Running:
  C:\Users\pawar\eclipse-workspace\Opencart\crossbrowsertesting.xml

00:06:09.0750 [main] INFO  testCases.TC_RF_001_AccountRegistrationTest - ***** Starting TC_RF_001_AccountRegistrationTest *****
00:06:09.0927 [main] INFO  testCases.TC_RF_001_AccountRegistrationTest - Clicked on My Account
00:06:10.0639 [main] INFO  testCases.TC_RF_001_AccountRegistrationTest - Clicked on Register
00:06:10.0639 [main] INFO  testCases.TC_RF_001_AccountRegistrationTest - Providing information in all mandatory fields..
00:06:12.0704 [main] INFO  testCases.TC_RF_001_AccountRegistrationTest - Clicked on Continue
00:06:12.0704 [main] INFO  testCases.TC_RF_001_AccountRegistrationTest - Validating confirmation messaage..
00:06:12.0796 [main] INFO  testCases.TC_RF_001_AccountRegistrationTest - Test passed
00:06:12.0806 [main] INFO  testCases.TC_RF_001_AccountRegistrationTest - ***** Finished TC_RF_001_AccountRegistrationTest *****
00:06:22.0539 [main] INFO  testCases.TC_RF_001_AccountRegistrationTest - ***** Starting TC_RF_001_AccountRegistrationTest *****
00:06:22.0690 [main] INFO  testCases.TC_RF_001_AccountRegistrationTest - Clicked on My Account
00:06:23.0550 [main] INFO  testCases.TC_RF_001_AccountRegistrationTest - Clicked on Register
00:06:23.0555 [main] INFO  testCases.TC_RF_001_AccountRegistrationTest - Providing information in all mandatory fields..
00:06:25.0975 [main] INFO  testCases.TC_RF_001_AccountRegistrationTest - Clicked on Continue
00:06:25.0983 [main] INFO  testCases.TC_RF_001_AccountRegistrationTest - Validating confirmation messaage..
00:06:26.0066 [main] INFO  testCases.TC_RF_001_AccountRegistrationTest - Test passed
00:06:26.0066 [main] INFO  testCases.TC_RF_001_AccountRegistrationTest - ***** Finished TC_RF_001_AccountRegistrationTest *****
00:06:35.0266 [main] INFO  testCases.TC_RF_001_AccountRegistrationTest - ***** Starting TC_RF_001_AccountRegistrationTest *****
00:06:35.0591 [main] INFO  testCases.TC_RF_001_AccountRegistrationTest - Clicked on My Account
00:06:36.0197 [main] INFO  testCases.TC_RF_001_AccountRegistrationTest - Clicked on Register
00:06:36.0197 [main] INFO  testCases.TC_RF_001_AccountRegistrationTest - Providing information in all mandatory fields..
00:06:37.0680 [main] INFO  testCases.TC_RF_001_AccountRegistrationTest - Clicked on Continue
00:06:37.0680 [main] INFO  testCases.TC_RF_001_AccountRegistrationTest - Validating confirmation messaage..
00:06:37.0745 [main] INFO  testCases.TC_RF_001_AccountRegistrationTest - Test passed
00:06:37.0745 [main] INFO  testCases.TC_RF_001_AccountRegistrationTest - ***** Finished TC_RF_001_AccountRegistrationTest *****
00:08:10.0995 [main] DEBUG org.testng.TestNG - suiteXmlPath: "C:\Users\pawar\eclipse-workspace\Opencart\crossbrowsertesting.xml"
00:08:11.0534 [main] INFO  org.testng.internal.Utils - [TestNG] Running:
  C:\Users\pawar\eclipse-workspace\Opencart\crossbrowsertesting.xml

00:08:18.0133 [TestNG-tests-1] INFO  testCases.TC_RF_001_AccountRegistrationTest - ***** Starting TC_RF_001_AccountRegistrationTest *****
00:08:19.0922 [TestNG-tests-2] INFO  testCases.TC_RF_001_AccountRegistrationTest - ***** Starting TC_RF_001_AccountRegistrationTest *****
00:08:19.0931 [TestNG-tests-3] INFO  testCases.TC_RF_001_AccountRegistrationTest - ***** Starting TC_RF_001_AccountRegistrationTest *****
